<?xml version="1.0" encoding="UTF-8"?>
<testng-results ignored="0" total="1" passed="1" failed="0" skipped="0">
  <reporter-output>
  </reporter-output>
  <suite started-at="2024-02-14T10:20:02 IST" name="Default suite" finished-at="2024-02-14T10:20:17 IST" duration-ms="14657">
    <groups>
    </groups>
    <test started-at="2024-02-14T10:20:02 IST" name="Default test" finished-at="2024-02-14T10:20:17 IST" duration-ms="14657">
      <class name="swtpgms.testng1">
        <test-method is-config="true" signature="launchBrowser()[pri:0, instance:swtpgms.testng1@1afd44cb]" started-at="2024-02-14T10:20:02 IST" name="launchBrowser" finished-at="2024-02-14T10:20:16 IST" duration-ms="13980" status="PASS">
          <reporter-output>
          </reporter-output>
        </test-method> <!-- launchBrowser -->
        <test-method signature="verifyHomepageTitle()[pri:0, instance:swtpgms.testng1@1afd44cb]" started-at="2024-02-14T10:20:16 IST" name="verifyHomepageTitle" finished-at="2024-02-14T10:20:16 IST" duration-ms="69" status="PASS">
          <reporter-output>
          </reporter-output>
        </test-method> <!-- verifyHomepageTitle -->
        <test-method is-config="true" signature="terminateBrowser()[pri:0, instance:swtpgms.testng1@1afd44cb]" started-at="2024-02-14T10:20:16 IST" name="terminateBrowser" finished-at="2024-02-14T10:20:17 IST" duration-ms="485" status="PASS">
          <reporter-output>
          </reporter-output>
        </test-method> <!-- terminateBrowser -->
      </class> <!-- swtpgms.testng1 -->
    </test> <!-- Default test -->
  </suite> <!-- Default suite -->
</testng-results>
