<?xml version="1.0" encoding="UTF-8"?>
<!-- Generated by org.testng.reporters.JUnitXMLReporter -->
<testsuite ignored="0" hostname="DESKTOP-G0P5P02" failures="0" tests="2" name="Surefire test" time="39.845" errors="0" timestamp="2024-01-22T11:41:53 IST">
  <testcase classname="stmaven.NewTest" name="@BeforeMethod beforeMethod" time="0.304">
    <failure type="java.lang.AssertionError" message="expected [Welcome: Mercury Tours] but found [Register: Mercury Tours]">
      <![CDATA[java.lang.AssertionError: expected [Welcome: Mercury Tours] but found [Register: Mercury Tours]
at stmaven.NewTest.beforeMethod(NewTest.java:42)
at java.base/java.util.ArrayList.forEach(ArrayList.java:1596)
... Removed 40 stack frames]]>
    </failure>
  </testcase> <!-- @BeforeMethod beforeMethod -->
  <testcase classname="stmaven.NewTest" name="@AfterMethod afterMethod" time="0.0">
    <skipped/>
  </testcase> <!-- @AfterMethod afterMethod -->
  <testcase classname="stmaven.NewTest" name="@AfterTest afterTest" time="0.0">
    <skipped/>
  </testcase> <!-- @AfterTest afterTest -->
  <testcase classname="stmaven.NewTest" name="register" time="2.735"/>
  <testcase classname="stmaven.NewTest" name="support" time="0.0">
    <skipped/>
  </testcase> <!-- support -->
</testsuite> <!-- Surefire test -->
