<?xml version="1.0" encoding="UTF-8"?>
<testng-results ignored="0" total="2" passed="2" failed="0" skipped="0">
  <reporter-output>
  </reporter-output>
  <suite started-at="2024-01-22T11:40:10 IST" name="Default suite" finished-at="2024-01-22T11:40:10 IST" duration-ms="82">
    <groups>
    </groups>
    <test started-at="2024-01-22T11:40:10 IST" name="Default test" finished-at="2024-01-22T11:40:10 IST" duration-ms="82">
      <class name="stmaven.sum">
        <test-method signature="sub()[pri:0, instance:stmaven.sum@a514af7]" started-at="2024-01-22T11:40:10 IST" name="sub" finished-at="2024-01-22T11:40:10 IST" duration-ms="17" status="PASS">
          <reporter-output>
          </reporter-output>
        </test-method> <!-- sub -->
        <test-method signature="sum1()[pri:0, instance:stmaven.sum@a514af7]" started-at="2024-01-22T11:40:10 IST" name="sum1" finished-at="2024-01-22T11:40:10 IST" duration-ms="3" status="PASS">
          <reporter-output>
          </reporter-output>
        </test-method> <!-- sum1 -->
      </class> <!-- stmaven.sum -->
    </test> <!-- Default test -->
  </suite> <!-- Default suite -->
</testng-results>
